[debug] [2023-04-09T15:24:17.112Z] ----------------------------------------------------------------------
[debug] [2023-04-09T15:24:17.120Z] Command:       C:\Program Files\nodejs\node.exe C:\Users\USER\AppData\Roaming\npm\node_modules\firebase-tools\lib\bin\firebase.js deploy
[debug] [2023-04-09T15:24:17.122Z] CLI Version:   11.15.0
[debug] [2023-04-09T15:24:17.123Z] Platform:      win32
[debug] [2023-04-09T15:24:17.124Z] Node Version:  v16.18.0
[debug] [2023-04-09T15:24:17.128Z] Time:          Sun Apr 09 2023 16:24:17 GMT+0100 (West Africa Standard Time)
[debug] [2023-04-09T15:24:17.129Z] ----------------------------------------------------------------------
[debug] 
[debug] [2023-04-09T15:24:17.582Z] > command requires scopes: ["email","openid","https://www.googleapis.com/auth/cloudplatformprojects.readonly","https://www.googleapis.com/auth/firebase","https://www.googleapis.com/auth/cloud-platform"]
[debug] [2023-04-09T15:24:17.584Z] > authorizing via signed-in user (johnabrahamtosin@gmail.com)
[debug] [2023-04-09T15:24:17.585Z] [iam] checking project alpha247 for permissions ["firebase.projects.get","firebasehosting.sites.update"]
[debug] [2023-04-09T15:24:17.595Z] >>> [apiv2][query] POST https://cloudresourcemanager.googleapis.com/v1/projects/alpha247:testIamPermissions [none]
[debug] [2023-04-09T15:24:17.597Z] >>> [apiv2][(partial)header] POST https://cloudresourcemanager.googleapis.com/v1/projects/alpha247:testIamPermissions x-goog-quota-user=projects/alpha247
[debug] [2023-04-09T15:24:17.598Z] >>> [apiv2][body] POST https://cloudresourcemanager.googleapis.com/v1/projects/alpha247:testIamPermissions {"permissions":["firebase.projects.get","firebasehosting.sites.update"]}
[debug] [2023-04-09T15:24:20.218Z] <<< [apiv2][status] POST https://cloudresourcemanager.googleapis.com/v1/projects/alpha247:testIamPermissions 200
[debug] [2023-04-09T15:24:20.219Z] <<< [apiv2][body] POST https://cloudresourcemanager.googleapis.com/v1/projects/alpha247:testIamPermissions {"permissions":["firebase.projects.get","firebasehosting.sites.update"]}
[debug] [2023-04-09T15:24:20.226Z] >>> [apiv2][query] GET https://firebase.googleapis.com/v1beta1/projects/alpha247 [none]
[debug] [2023-04-09T15:24:21.179Z] <<< [apiv2][status] GET https://firebase.googleapis.com/v1beta1/projects/alpha247 200
[debug] [2023-04-09T15:24:21.180Z] <<< [apiv2][body] GET https://firebase.googleapis.com/v1beta1/projects/alpha247 {"projectId":"alpha247","projectNumber":"354945694854","displayName":"alpha247","name":"projects/alpha247","resources":{"hostingSite":"alpha247"},"state":"ACTIVE","etag":"1_0646b807-5d02-4f46-8209-d0764d15c322"}
[info] 
[info] === Deploying to 'alpha247'...
[info] 
[info] i  deploying hosting 
[debug] [2023-04-09T15:24:21.208Z] >>> [apiv2][query] POST https://firebasehosting.googleapis.com/v1beta1/projects/-/sites/alpha247/versions [none]
[debug] [2023-04-09T15:24:21.209Z] >>> [apiv2][body] POST https://firebasehosting.googleapis.com/v1beta1/projects/-/sites/alpha247/versions {"status":"CREATED","labels":{"deployment-tool":"cli-firebase"}}
[debug] [2023-04-09T15:24:23.032Z] <<< [apiv2][status] POST https://firebasehosting.googleapis.com/v1beta1/projects/-/sites/alpha247/versions 200
